# JRE version: Java(TM) SE Runtime Environment (7.0_75-b13) (build 1.7.0_75-b13)
# Java VM: Java HotSpot(TM) 64-Bit Server VM (24.75-b04 mixed mode windows-amd64 compressed oops)
Heap
 PSYoungGen      total 504320K, used 21264K [0x00000007d6f00000, 0x00000007f5c80000, 0x0000000800000000)
  eden space 503808K, 4% used [0x00000007d6f00000,0x00000007d83c40f0,0x00000007f5b00000)
  from space 512K, 0% used [0x00000007f5b80000,0x00000007f5b80000,0x00000007f5c00000)
  to   space 512K, 0% used [0x00000007f5c00000,0x00000007f5c00000,0x00000007f5c80000)
 ParOldGen       total 239616K, used 30496K [0x0000000784e00000, 0x0000000793800000, 0x00000007d6f00000)
  object space 239616K, 12% used [0x0000000784e00000,0x0000000786bc8330,0x0000000793800000)
 PSPermGen       total 66560K, used 66427K [0x000000077fc00000, 0x0000000783d00000, 0x0000000784e00000)
  object space 66560K, 99% used [0x000000077fc00000,0x0000000783cdeef0,0x0000000783d00000)
GC Heap History (10 events):
Event: 898.006 GC heap before
{Heap before GC invocations=354 (full 171):
 PSYoungGen      total 504320K, used 508K [0x00000007d6f00000, 0x00000007f5c80000, 0x0000000800000000)
  eden space 503808K, 0% used [0x00000007d6f00000,0x00000007d6f00000,0x00000007f5b00000)
  from space 512K, 99% used [0x00000007f5b80000,0x00000007f5bff328,0x00000007f5c00000)
  to   space 512K, 0% used [0x00000007f5c00000,0x00000007f5c00000,0x00000007f5c80000)
 ParOldGen       total 239616K, used 79540K [0x0000000784e00000, 0x0000000793800000, 0x00000007d6f00000)
  object space 239616K, 33% used [0x0000000784e00000,0x0000000789bad338,0x0000000793800000)
 PSPermGen       total 67072K, used 66614K [0x000000077fc00000, 0x0000000783d80000, 0x0000000784e00000)
  object space 67072K, 99% used [0x000000077fc00000,0x0000000783d0d9d8,0x0000000783d80000)
Event: 898.239 GC heap after
Heap after GC invocations=354 (full 171):
 PSYoungGen      total 504320K, used 0K [0x00000007d6f00000, 0x00000007f5c80000, 0x0000000800000000)
  eden space 503808K, 0% used [0x00000007d6f00000,0x00000007d6f00000,0x00000007f5b00000)
  from space 512K, 0% used [0x00000007f5b80000,0x00000007f5b80000,0x00000007f5c00000)
  to   space 512K, 0% used [0x00000007f5c00000,0x00000007f5c00000,0x00000007f5c80000)
 ParOldGen       total 239616K, used 64372K [0x0000000784e00000, 0x0000000793800000, 0x00000007d6f00000)
  object space 239616K, 26% used [0x0000000784e00000,0x0000000788cdd060,0x0000000793800000)
 PSPermGen       total 67072K, used 66538K [0x000000077fc00000, 0x0000000783d80000, 0x0000000784e00000)
  object space 67072K, 99% used [0x000000077fc00000,0x0000000783cfa9c8,0x0000000783d80000)
}
Event: 899.512 GC heap before
{Heap before GC invocations=355 (full 171):
 PSYoungGen      total 504320K, used 66114K [0x00000007d6f00000, 0x00000007f5c80000, 0x0000000800000000)
  eden space 503808K, 13% used [0x00000007d6f00000,0x00000007daf90a90,0x00000007f5b00000)
  from space 512K, 0% used [0x00000007f5b80000,0x00000007f5b80000,0x00000007f5c00000)
  to   space 512K, 0% used [0x00000007f5c00000,0x00000007f5c00000,0x00000007f5c80000)
 ParOldGen       total 239616K, used 64372K [0x0000000784e00000, 0x0000000793800000, 0x00000007d6f00000)
  object space 239616K, 26% used [0x0000000784e00000,0x0000000788cdd060,0x0000000793800000)
 PSPermGen       total 67072K, used 66586K [0x000000077fc00000, 0x0000000783d80000, 0x0000000784e00000)
  object space 67072K, 99% used [0x000000077fc00000,0x0000000783d06a80,0x0000000783d80000)
Event: 899.516 GC heap after
Heap after GC invocations=355 (full 171):
 PSYoungGen      total 504320K, used 294K [0x00000007d6f00000, 0x00000007f5c80000, 0x0000000800000000)
  eden space 503808K, 0% used [0x00000007d6f00000,0x00000007d6f00000,0x00000007f5b00000)
  from space 512K, 57% used [0x00000007f5c00000,0x00000007f5c498e0,0x00000007f5c80000)
  to   space 512K, 0% used [0x00000007f5b80000,0x00000007f5b80000,0x00000007f5c00000)
 ParOldGen       total 239616K, used 64372K [0x0000000784e00000, 0x0000000793800000, 0x00000007d6f00000)
  object space 239616K, 26% used [0x0000000784e00000,0x0000000788cdd060,0x0000000793800000)
 PSPermGen       total 67072K, used 66586K [0x000000077fc00000, 0x0000000783d80000, 0x0000000784e00000)
  object space 67072K, 99% used [0x000000077fc00000,0x0000000783d06a80,0x0000000783d80000)
}
Event: 899.516 GC heap before
{Heap before GC invocations=356 (full 172):
 PSYoungGen      total 504320K, used 294K [0x00000007d6f00000, 0x00000007f5c80000, 0x0000000800000000)
  eden space 503808K, 0% used [0x00000007d6f00000,0x00000007d6f00000,0x00000007f5b00000)
  from space 512K, 57% used [0x00000007f5c00000,0x00000007f5c498e0,0x00000007f5c80000)
  to   space 512K, 0% used [0x00000007f5b80000,0x00000007f5b80000,0x00000007f5c00000)
 ParOldGen       total 239616K, used 64372K [0x0000000784e00000, 0x0000000793800000, 0x00000007d6f00000)
  object space 239616K, 26% used [0x0000000784e00000,0x0000000788cdd060,0x0000000793800000)
 PSPermGen       total 67072K, used 66586K [0x000000077fc00000, 0x0000000783d80000, 0x0000000784e00000)
  object space 67072K, 99% used [0x000000077fc00000,0x0000000783d06a80,0x0000000783d80000)
Event: 899.703 GC heap after
Heap after GC invocations=356 (full 172):
 PSYoungGen      total 504320K, used 0K [0x00000007d6f00000, 0x00000007f5c80000, 0x0000000800000000)
  eden space 503808K, 0% used [0x00000007d6f00000,0x00000007d6f00000,0x00000007f5b00000)
  from space 512K, 0% used [0x00000007f5c00000,0x00000007f5c00000,0x00000007f5c80000)
  to   space 512K, 0% used [0x00000007f5b80000,0x00000007f5b80000,0x00000007f5c00000)
 ParOldGen       total 239616K, used 47135K [0x0000000784e00000, 0x0000000793800000, 0x00000007d6f00000)
  object space 239616K, 19% used [0x0000000784e00000,0x0000000787c07e30,0x0000000793800000)
 PSPermGen       total 66560K, used 66464K [0x000000077fc00000, 0x0000000783d00000, 0x0000000784e00000)
  object space 66560K, 99% used [0x000000077fc00000,0x0000000783ce8120,0x0000000783d00000)
}
Event: 904.704 GC heap before
{Heap before GC invocations=357 (full 172):
 PSYoungGen      total 504320K, used 63982K [0x00000007d6f00000, 0x00000007f5c80000, 0x0000000800000000)
  eden space 503808K, 12% used [0x00000007d6f00000,0x00000007dad7bb08,0x00000007f5b00000)
  from space 512K, 0% used [0x00000007f5c00000,0x00000007f5c00000,0x00000007f5c80000)
  to   space 512K, 0% used [0x00000007f5b80000,0x00000007f5b80000,0x00000007f5c00000)
 ParOldGen       total 239616K, used 47135K [0x0000000784e00000, 0x0000000793800000, 0x00000007d6f00000)
  object space 239616K, 19% used [0x0000000784e00000,0x0000000787c07e30,0x0000000793800000)
 PSPermGen       total 66560K, used 66476K [0x000000077fc00000, 0x0000000783d00000, 0x0000000784e00000)
  object space 66560K, 99% used [0x000000077fc00000,0x0000000783ceb118,0x0000000783d00000)
Event: 904.717 GC heap after
Heap after GC invocations=357 (full 172):
 PSYoungGen      total 504320K, used 64K [0x00000007d6f00000, 0x00000007f5c80000, 0x0000000800000000)
  eden space 503808K, 0% used [0x00000007d6f00000,0x00000007d6f00000,0x00000007f5b00000)
  from space 512K, 12% used [0x00000007f5b80000,0x00000007f5b90000,0x00000007f5c00000)
  to   space 512K, 0% used [0x00000007f5c00000,0x00000007f5c00000,0x00000007f5c80000)
 ParOldGen       total 239616K, used 47135K [0x0000000784e00000, 0x0000000793800000, 0x00000007d6f00000)
  object space 239616K, 19% used [0x0000000784e00000,0x0000000787c07e30,0x0000000793800000)
 PSPermGen       total 66560K, used 66476K [0x000000077fc00000, 0x0000000783d00000, 0x0000000784e00000)
  object space 66560K, 99% used [0x000000077fc00000,0x0000000783ceb118,0x0000000783d00000)
}
Event: 904.717 GC heap before
{Heap before GC invocations=358 (full 173):
 PSYoungGen      total 504320K, used 64K [0x00000007d6f00000, 0x00000007f5c80000, 0x0000000800000000)
  eden space 503808K, 0% used [0x00000007d6f00000,0x00000007d6f00000,0x00000007f5b00000)
  from space 512K, 12% used [0x00000007f5b80000,0x00000007f5b90000,0x00000007f5c00000)
  to   space 512K, 0% used [0x00000007f5c00000,0x00000007f5c00000,0x00000007f5c80000)
 ParOldGen       total 239616K, used 47135K [0x0000000784e00000, 0x0000000793800000, 0x00000007d6f00000)
  object space 239616K, 19% used [0x0000000784e00000,0x0000000787c07e30,0x0000000793800000)
 PSPermGen       total 66560K, used 66476K [0x000000077fc00000, 0x0000000783d00000, 0x0000000784e00000)
  object space 66560K, 99% used [0x000000077fc00000,0x0000000783ceb118,0x0000000783d00000)
Event: 904.955 GC heap after
Heap after GC invocations=358 (full 173):
 PSYoungGen      total 504320K, used 0K [0x00000007d6f00000, 0x00000007f5c80000, 0x0000000800000000)
  eden space 503808K, 0% used [0x00000007d6f00000,0x00000007d6f00000,0x00000007f5b00000)
  from space 512K, 0% used [0x00000007f5b80000,0x00000007f5b80000,0x00000007f5c00000)
  to   space 512K, 0% used [0x00000007f5c00000,0x00000007f5c00000,0x00000007f5c80000)
 ParOldGen       total 239616K, used 30496K [0x0000000784e00000, 0x0000000793800000, 0x00000007d6f00000)
  object space 239616K, 12% used [0x0000000784e00000,0x0000000786bc8330,0x0000000793800000)
 PSPermGen       total 66560K, used 66418K [0x000000077fc00000, 0x0000000783d00000, 0x0000000784e00000)
  object space 66560K, 99% used [0x000000077fc00000,0x0000000783cdc8a0,0x0000000783d00000)
}

