# JRE version: Java(TM) SE Runtime Environment (7.0_75-b13) (build 1.7.0_75-b13)
# Java VM: Java HotSpot(TM) 64-Bit Server VM (24.75-b04 mixed mode windows-amd64 compressed oops)
Heap
 PSYoungGen      total 452608K, used 268145K [0x00000007d6f00000, 0x00000007f8000000, 0x0000000800000000)
  eden space 419840K, 56% used [0x00000007d6f00000,0x00000007e56d4658,0x00000007f0900000)
  from space 32768K, 93% used [0x00000007f6000000,0x00000007f7e08180,0x00000007f8000000)
  to   space 60928K, 0% used [0x00000007f0900000,0x00000007f0900000,0x00000007f4480000)
 ParOldGen       total 169472K, used 108743K [0x0000000784e00000, 0x000000078f380000, 0x00000007d6f00000)
  object space 169472K, 64% used [0x0000000784e00000,0x000000078b831d20,0x000000078f380000)
 PSPermGen       total 79872K, used 51973K [0x000000077fc00000, 0x0000000784a00000, 0x0000000784e00000)
  object space 79872K, 65% used [0x000000077fc00000,0x0000000782ec17d0,0x0000000784a00000)
GC Heap History (10 events):
Event: 8400.628 GC heap before
{Heap before GC invocations=18 (full 2):
 PSYoungGen      total 539136K, used 538812K [0x00000007d6f00000, 0x00000007fe680000, 0x0000000800000000)
  eden space 530944K, 100% used [0x00000007d6f00000,0x00000007f7580000,0x00000007f7580000)
  from space 8192K, 96% used [0x00000007f8f00000,0x00000007f96af240,0x00000007f9700000)
  to   space 57856K, 0% used [0x00000007fae00000,0x00000007fae00000,0x00000007fe680000)
 ParOldGen       total 169472K, used 103602K [0x0000000784e00000, 0x000000078f380000, 0x00000007d6f00000)
  object space 169472K, 61% used [0x0000000784e00000,0x000000078b32cbe0,0x000000078f380000)
 PSPermGen       total 79872K, used 47390K [0x000000077fc00000, 0x0000000784a00000, 0x0000000784e00000)
  object space 79872K, 59% used [0x000000077fc00000,0x0000000782a47988,0x0000000784a00000)
Event: 8400.676 GC heap after
Heap after GC invocations=18 (full 2):
 PSYoungGen      total 538624K, used 7529K [0x00000007d6f00000, 0x00000007fcd80000, 0x0000000800000000)
  eden space 506368K, 0% used [0x00000007d6f00000,0x00000007d6f00000,0x00000007f5d80000)
  from space 32256K, 23% used [0x00000007fae00000,0x00000007fb55a6a8,0x00000007fcd80000)
  to   space 57344K, 0% used [0x00000007f5d80000,0x00000007f5d80000,0x00000007f9580000)
 ParOldGen       total 169472K, used 104918K [0x0000000784e00000, 0x000000078f380000, 0x00000007d6f00000)
  object space 169472K, 61% used [0x0000000784e00000,0x000000078b475b80,0x000000078f380000)
 PSPermGen       total 79872K, used 47390K [0x000000077fc00000, 0x0000000784a00000, 0x0000000784e00000)
  object space 79872K, 59% used [0x000000077fc00000,0x0000000782a47988,0x0000000784a00000)
}
Event: 12139.709 GC heap before
{Heap before GC invocations=19 (full 2):
 PSYoungGen      total 538624K, used 513897K [0x00000007d6f00000, 0x00000007fcd80000, 0x0000000800000000)
  eden space 506368K, 100% used [0x00000007d6f00000,0x00000007f5d80000,0x00000007f5d80000)
  from space 32256K, 23% used [0x00000007fae00000,0x00000007fb55a6a8,0x00000007fcd80000)
  to   space 57344K, 0% used [0x00000007f5d80000,0x00000007f5d80000,0x00000007f9580000)
 ParOldGen       total 169472K, used 104918K [0x0000000784e00000, 0x000000078f380000, 0x00000007d6f00000)
  object space 169472K, 61% used [0x0000000784e00000,0x000000078b475b80,0x000000078f380000)
 PSPermGen       total 79872K, used 47650K [0x000000077fc00000, 0x0000000784a00000, 0x0000000784e00000)
  object space 79872K, 59% used [0x000000077fc00000,0x0000000782a88a60,0x0000000784a00000)
Event: 12139.788 GC heap after
Heap after GC invocations=19 (full 2):
 PSYoungGen      total 491520K, used 8223K [0x00000007d6f00000, 0x00000007fb480000, 0x0000000800000000)
  eden space 482816K, 0% used [0x00000007d6f00000,0x00000007d6f00000,0x00000007f4680000)
  from space 8704K, 94% used [0x00000007f5d80000,0x00000007f6587e40,0x00000007f6600000)
  to   space 56320K, 0% used [0x00000007f7d80000,0x00000007f7d80000,0x00000007fb480000)
 ParOldGen       total 169472K, used 105928K [0x0000000784e00000, 0x000000078f380000, 0x00000007d6f00000)
  object space 169472K, 62% used [0x0000000784e00000,0x000000078b572340,0x000000078f380000)
 PSPermGen       total 79872K, used 47650K [0x000000077fc00000, 0x0000000784a00000, 0x0000000784e00000)
  object space 79872K, 59% used [0x000000077fc00000,0x0000000782a88a60,0x0000000784a00000)
}
Event: 14940.374 GC heap before
{Heap before GC invocations=20 (full 2):
 PSYoungGen      total 491520K, used 491039K [0x00000007d6f00000, 0x00000007fb480000, 0x0000000800000000)
  eden space 482816K, 100% used [0x00000007d6f00000,0x00000007f4680000,0x00000007f4680000)
  from space 8704K, 94% used [0x00000007f5d80000,0x00000007f6587e40,0x00000007f6600000)
  to   space 56320K, 0% used [0x00000007f7d80000,0x00000007f7d80000,0x00000007fb480000)
 ParOldGen       total 169472K, used 105928K [0x0000000784e00000, 0x000000078f380000, 0x00000007d6f00000)
  object space 169472K, 62% used [0x0000000784e00000,0x000000078b572340,0x000000078f380000)
 PSPermGen       total 79872K, used 48037K [0x000000077fc00000, 0x0000000784a00000, 0x0000000784e00000)
  object space 79872K, 60% used [0x000000077fc00000,0x0000000782ae96c0,0x0000000784a00000)
Event: 14940.431 GC heap after
Heap after GC invocations=20 (full 2):
 PSYoungGen      total 492032K, used 8936K [0x00000007d6f00000, 0x00000007f9c00000, 0x0000000800000000)
  eden space 460800K, 0% used [0x00000007d6f00000,0x00000007d6f00000,0x00000007f3100000)
  from space 31232K, 28% used [0x00000007f7d80000,0x00000007f863a028,0x00000007f9c00000)
  to   space 54784K, 0% used [0x00000007f3100000,0x00000007f3100000,0x00000007f6680000)
 ParOldGen       total 169472K, used 107101K [0x0000000784e00000, 0x000000078f380000, 0x00000007d6f00000)
  object space 169472K, 63% used [0x0000000784e00000,0x000000078b697610,0x000000078f380000)
 PSPermGen       total 79872K, used 48037K [0x000000077fc00000, 0x0000000784a00000, 0x0000000784e00000)
  object space 79872K, 60% used [0x000000077fc00000,0x0000000782ae96c0,0x0000000784a00000)
}
Event: 16322.789 GC heap before
{Heap before GC invocations=21 (full 2):
 PSYoungGen      total 492032K, used 469736K [0x00000007d6f00000, 0x00000007f9c00000, 0x0000000800000000)
  eden space 460800K, 100% used [0x00000007d6f00000,0x00000007f3100000,0x00000007f3100000)
  from space 31232K, 28% used [0x00000007f7d80000,0x00000007f863a028,0x00000007f9c00000)
  to   space 54784K, 0% used [0x00000007f3100000,0x00000007f3100000,0x00000007f6680000)
 ParOldGen       total 169472K, used 107101K [0x0000000784e00000, 0x000000078f380000, 0x00000007d6f00000)
  object space 169472K, 63% used [0x0000000784e00000,0x000000078b697610,0x000000078f380000)
 PSPermGen       total 79872K, used 50039K [0x000000077fc00000, 0x0000000784a00000, 0x0000000784e00000)
  object space 79872K, 62% used [0x000000077fc00000,0x0000000782cddfb8,0x0000000784a00000)
Event: 16322.941 GC heap after
Heap after GC invocations=21 (full 2):
 PSYoungGen      total 487936K, used 48064K [0x00000007d6f00000, 0x00000007f9580000, 0x0000000800000000)
  eden space 439808K, 0% used [0x00000007d6f00000,0x00000007d6f00000,0x00000007f1c80000)
  from space 48128K, 99% used [0x00000007f3100000,0x00000007f5ff0190,0x00000007f6000000)
  to   space 54784K, 0% used [0x00000007f6000000,0x00000007f6000000,0x00000007f9580000)
 ParOldGen       total 169472K, used 108441K [0x0000000784e00000, 0x000000078f380000, 0x00000007d6f00000)
  object space 169472K, 63% used [0x0000000784e00000,0x000000078b7e6608,0x000000078f380000)
 PSPermGen       total 79872K, used 50039K [0x000000077fc00000, 0x0000000784a00000, 0x0000000784e00000)
  object space 79872K, 62% used [0x000000077fc00000,0x0000000782cddfb8,0x0000000784a00000)
}
Event: 17759.629 GC heap before
{Heap before GC invocations=22 (full 2):
 PSYoungGen      total 487936K, used 487872K [0x00000007d6f00000, 0x00000007f9580000, 0x0000000800000000)
  eden space 439808K, 100% used [0x00000007d6f00000,0x00000007f1c80000,0x00000007f1c80000)
  from space 48128K, 99% used [0x00000007f3100000,0x00000007f5ff0190,0x00000007f6000000)
  to   space 54784K, 0% used [0x00000007f6000000,0x00000007f6000000,0x00000007f9580000)
 ParOldGen       total 169472K, used 108441K [0x0000000784e00000, 0x000000078f380000, 0x00000007d6f00000)
  object space 169472K, 63% used [0x0000000784e00000,0x000000078b7e6608,0x000000078f380000)
 PSPermGen       total 79872K, used 50181K [0x000000077fc00000, 0x0000000784a00000, 0x0000000784e00000)
  object space 79872K, 62% used [0x000000077fc00000,0x0000000782d01690,0x0000000784a00000)
Event: 17759.710 GC heap after
Heap after GC invocations=22 (full 2):
 PSYoungGen      total 452608K, used 30752K [0x00000007d6f00000, 0x00000007f8000000, 0x0000000800000000)
  eden space 419840K, 0% used [0x00000007d6f00000,0x00000007d6f00000,0x00000007f0900000)
  from space 32768K, 93% used [0x00000007f6000000,0x00000007f7e08180,0x00000007f8000000)
  to   space 60928K, 0% used [0x00000007f0900000,0x00000007f0900000,0x00000007f4480000)
 ParOldGen       total 169472K, used 108743K [0x0000000784e00000, 0x000000078f380000, 0x00000007d6f00000)
  object space 169472K, 64% used [0x0000000784e00000,0x000000078b831d20,0x000000078f380000)
 PSPermGen       total 79872K, used 50181K [0x000000077fc00000, 0x0000000784a00000, 0x0000000784e00000)
  object space 79872K, 62% used [0x000000077fc00000,0x0000000782d01690,0x0000000784a00000)
}

