# JRE version: Java(TM) SE Runtime Environment (7.0_75-b13) (build 1.7.0_75-b13)
# Java VM: Java HotSpot(TM) 64-Bit Server VM (24.75-b04 mixed mode windows-amd64 compressed oops)
Heap
 PSYoungGen      total 571904K, used 343980K [0x00000007d6f00000, 0x0000000800000000, 0x0000000800000000)
  eden space 480256K, 71% used [0x00000007d6f00000,0x00000007ebeeb288,0x00000007f4400000)
  from space 91648K, 0% used [0x00000007fa680000,0x00000007fa680000,0x0000000800000000)
  to   space 96256K, 0% used [0x00000007f4400000,0x00000007f4400000,0x00000007fa200000)
 ParOldGen       total 174080K, used 94803K [0x0000000784e00000, 0x000000078f800000, 0x00000007d6f00000)
  object space 174080K, 54% used [0x0000000784e00000,0x000000078aa94d20,0x000000078f800000)
 PSPermGen       total 60416K, used 42726K [0x000000077fc00000, 0x0000000783700000, 0x0000000784e00000)
  object space 60416K, 70% used [0x000000077fc00000,0x00000007825b9b60,0x0000000783700000)
GC Heap History (10 events):
Event: 10.489 GC heap before
{Heap before GC invocations=12 (full 1):
 PSYoungGen      total 420352K, used 375296K [0x00000007d6f00000, 0x00000007f5980000, 0x0000000800000000)
  eden space 375296K, 100% used [0x00000007d6f00000,0x00000007edd80000,0x00000007edd80000)
  from space 45056K, 0% used [0x00000007f1580000,0x00000007f1580000,0x00000007f4180000)
  to   space 57344K, 0% used [0x00000007edd80000,0x00000007edd80000,0x00000007f1580000)
 ParOldGen       total 130560K, used 69145K [0x0000000784e00000, 0x000000078cd80000, 0x00000007d6f00000)
  object space 130560K, 52% used [0x0000000784e00000,0x0000000789186420,0x000000078cd80000)
 PSPermGen       total 25600K, used 24826K [0x000000077fc00000, 0x0000000781500000, 0x0000000784e00000)
  object space 25600K, 96% used [0x000000077fc00000,0x000000078143e890,0x0000000781500000)
Event: 10.520 GC heap after
Heap after GC invocations=12 (full 1):
 PSYoungGen      total 432640K, used 43184K [0x00000007d6f00000, 0x00000007fe280000, 0x0000000800000000)
  eden space 375296K, 0% used [0x00000007d6f00000,0x00000007d6f00000,0x00000007edd80000)
  from space 57344K, 75% used [0x00000007edd80000,0x00000007f07ac258,0x00000007f1580000)
  to   space 61440K, 0% used [0x00000007fa680000,0x00000007fa680000,0x00000007fe280000)
 ParOldGen       total 130560K, used 69145K [0x0000000784e00000, 0x000000078cd80000, 0x00000007d6f00000)
  object space 130560K, 52% used [0x0000000784e00000,0x0000000789186420,0x000000078cd80000)
 PSPermGen       total 25600K, used 24826K [0x000000077fc00000, 0x0000000781500000, 0x0000000784e00000)
  object space 25600K, 96% used [0x000000077fc00000,0x000000078143e890,0x0000000781500000)
}
Event: 11.773 GC heap before
{Heap before GC invocations=13 (full 1):
 PSYoungGen      total 432640K, used 418480K [0x00000007d6f00000, 0x00000007fe280000, 0x0000000800000000)
  eden space 375296K, 100% used [0x00000007d6f00000,0x00000007edd80000,0x00000007edd80000)
  from space 57344K, 75% used [0x00000007edd80000,0x00000007f07ac258,0x00000007f1580000)
  to   space 61440K, 0% used [0x00000007fa680000,0x00000007fa680000,0x00000007fe280000)
 ParOldGen       total 130560K, used 69145K [0x0000000784e00000, 0x000000078cd80000, 0x00000007d6f00000)
  object space 130560K, 52% used [0x0000000784e00000,0x0000000789186420,0x000000078cd80000)
 PSPermGen       total 26112K, used 25713K [0x000000077fc00000, 0x0000000781580000, 0x0000000784e00000)
  object space 26112K, 98% used [0x000000077fc00000,0x000000078151c658,0x0000000781580000)
Event: 11.819 GC heap after
Heap after GC invocations=13 (full 1):
 PSYoungGen      total 571392K, used 60858K [0x00000007d6f00000, 0x00000007ff480000, 0x0000000800000000)
  eden space 509952K, 0% used [0x00000007d6f00000,0x00000007d6f00000,0x00000007f6100000)
  from space 61440K, 99% used [0x00000007fa680000,0x00000007fe1eea80,0x00000007fe280000)
  to   space 71168K, 0% used [0x00000007f6100000,0x00000007f6100000,0x00000007fa680000)
 ParOldGen       total 130560K, used 77183K [0x0000000784e00000, 0x000000078cd80000, 0x00000007d6f00000)
  object space 130560K, 59% used [0x0000000784e00000,0x000000078995ff50,0x000000078cd80000)
 PSPermGen       total 26112K, used 25713K [0x000000077fc00000, 0x0000000781580000, 0x0000000784e00000)
  object space 26112K, 98% used [0x000000077fc00000,0x000000078151c658,0x0000000781580000)
}
Event: 13.293 GC heap before
{Heap before GC invocations=14 (full 1):
 PSYoungGen      total 571392K, used 570810K [0x00000007d6f00000, 0x00000007ff480000, 0x0000000800000000)
  eden space 509952K, 100% used [0x00000007d6f00000,0x00000007f6100000,0x00000007f6100000)
  from space 61440K, 99% used [0x00000007fa680000,0x00000007fe1eea80,0x00000007fe280000)
  to   space 71168K, 0% used [0x00000007f6100000,0x00000007f6100000,0x00000007fa680000)
 ParOldGen       total 130560K, used 77183K [0x0000000784e00000, 0x000000078cd80000, 0x00000007d6f00000)
  object space 130560K, 59% used [0x0000000784e00000,0x000000078995ff50,0x000000078cd80000)
 PSPermGen       total 26112K, used 25749K [0x000000077fc00000, 0x0000000781580000, 0x0000000784e00000)
  object space 26112K, 98% used [0x000000077fc00000,0x0000000781525668,0x0000000781580000)
Event: 13.379 GC heap after
Heap after GC invocations=14 (full 1):
 PSYoungGen      total 581120K, used 71144K [0x00000007d6f00000, 0x0000000800000000, 0x0000000800000000)
  eden space 509952K, 0% used [0x00000007d6f00000,0x00000007d6f00000,0x00000007f6100000)
  from space 71168K, 99% used [0x00000007f6100000,0x00000007fa67a050,0x00000007fa680000)
  to   space 91648K, 0% used [0x00000007fa680000,0x00000007fa680000,0x0000000800000000)
 ParOldGen       total 130560K, used 104611K [0x0000000784e00000, 0x000000078cd80000, 0x00000007d6f00000)
  object space 130560K, 80% used [0x0000000784e00000,0x000000078b428e98,0x000000078cd80000)
 PSPermGen       total 26112K, used 25749K [0x000000077fc00000, 0x0000000781580000, 0x0000000784e00000)
  object space 26112K, 98% used [0x000000077fc00000,0x0000000781525668,0x0000000781580000)
}
Event: 17.949 GC heap before
{Heap before GC invocations=15 (full 1):
 PSYoungGen      total 581120K, used 581096K [0x00000007d6f00000, 0x0000000800000000, 0x0000000800000000)
  eden space 509952K, 100% used [0x00000007d6f00000,0x00000007f6100000,0x00000007f6100000)
  from space 71168K, 99% used [0x00000007f6100000,0x00000007fa67a050,0x00000007fa680000)
  to   space 91648K, 0% used [0x00000007fa680000,0x00000007fa680000,0x0000000800000000)
 ParOldGen       total 130560K, used 104611K [0x0000000784e00000, 0x000000078cd80000, 0x00000007d6f00000)
  object space 130560K, 80% used [0x0000000784e00000,0x000000078b428e98,0x000000078cd80000)
 PSPermGen       total 35328K, used 35207K [0x000000077fc00000, 0x0000000781e80000, 0x0000000784e00000)
  object space 35328K, 99% used [0x000000077fc00000,0x0000000781e61d88,0x0000000781e80000)
Event: 17.986 GC heap after
Heap after GC invocations=15 (full 1):
 PSYoungGen      total 571904K, used 60971K [0x00000007d6f00000, 0x0000000800000000, 0x0000000800000000)
  eden space 480256K, 0% used [0x00000007d6f00000,0x00000007d6f00000,0x00000007f4400000)
  from space 91648K, 66% used [0x00000007fa680000,0x00000007fe20afe0,0x0000000800000000)
  to   space 96256K, 0% used [0x00000007f4400000,0x00000007f4400000,0x00000007fa200000)
 ParOldGen       total 130560K, used 112653K [0x0000000784e00000, 0x000000078cd80000, 0x00000007d6f00000)
  object space 130560K, 86% used [0x0000000784e00000,0x000000078bc036e0,0x000000078cd80000)
 PSPermGen       total 35328K, used 35207K [0x000000077fc00000, 0x0000000781e80000, 0x0000000784e00000)
  object space 35328K, 99% used [0x000000077fc00000,0x0000000781e61d88,0x0000000781e80000)
}
Event: 17.986 GC heap before
{Heap before GC invocations=16 (full 2):
 PSYoungGen      total 571904K, used 60971K [0x00000007d6f00000, 0x0000000800000000, 0x0000000800000000)
  eden space 480256K, 0% used [0x00000007d6f00000,0x00000007d6f00000,0x00000007f4400000)
  from space 91648K, 66% used [0x00000007fa680000,0x00000007fe20afe0,0x0000000800000000)
  to   space 96256K, 0% used [0x00000007f4400000,0x00000007f4400000,0x00000007fa200000)
 ParOldGen       total 130560K, used 112653K [0x0000000784e00000, 0x000000078cd80000, 0x00000007d6f00000)
  object space 130560K, 86% used [0x0000000784e00000,0x000000078bc036e0,0x000000078cd80000)
 PSPermGen       total 35328K, used 35207K [0x000000077fc00000, 0x0000000781e80000, 0x0000000784e00000)
  object space 35328K, 99% used [0x000000077fc00000,0x0000000781e61d88,0x0000000781e80000)
Event: 18.144 GC heap after
Heap after GC invocations=16 (full 2):
 PSYoungGen      total 571904K, used 0K [0x00000007d6f00000, 0x0000000800000000, 0x0000000800000000)
  eden space 480256K, 0% used [0x00000007d6f00000,0x00000007d6f00000,0x00000007f4400000)
  from space 91648K, 0% used [0x00000007fa680000,0x00000007fa680000,0x0000000800000000)
  to   space 96256K, 0% used [0x00000007f4400000,0x00000007f4400000,0x00000007fa200000)
 ParOldGen       total 174080K, used 94803K [0x0000000784e00000, 0x000000078f800000, 0x00000007d6f00000)
  object space 174080K, 54% used [0x0000000784e00000,0x000000078aa94d20,0x000000078f800000)
 PSPermGen       total 60416K, used 35201K [0x000000077fc00000, 0x0000000783700000, 0x0000000784e00000)
  object space 60416K, 58% used [0x000000077fc00000,0x0000000781e60580,0x0000000783700000)
}

