# JRE version: Java(TM) SE Runtime Environment (7.0_75-b13) (build 1.7.0_75-b13)
# Java VM: Java HotSpot(TM) 64-Bit Server VM (24.75-b04 mixed mode windows-amd64 compressed oops)
Heap
 PSYoungGen      total 525824K, used 718K [0x00000007d6f00000, 0x00000007fdf80000, 0x0000000800000000)
  eden space 422400K, 0% used [0x00000007d6f00000,0x00000007d6fb3890,0x00000007f0b80000)
  from space 103424K, 0% used [0x00000007f7a80000,0x00000007f7a80000,0x00000007fdf80000)
  to   space 108544K, 0% used [0x00000007f0b80000,0x00000007f0b80000,0x00000007f7580000)
 ParOldGen       total 1017344K, used 74572K [0x0000000784e00000, 0x00000007c2f80000, 0x00000007d6f00000)
  object space 1017344K, 7% used [0x0000000784e00000,0x00000007896d33b0,0x00000007c2f80000)
 PSPermGen       total 83968K, used 83967K [0x000000077fc00000, 0x0000000784e00000, 0x0000000784e00000)
  object space 83968K, 99% used [0x000000077fc00000,0x0000000784dfff68,0x0000000784e00000)
GC Heap History (10 events):
Event: 1801.767 GC heap before
{Heap before GC invocations=44 (full 10):
 PSYoungGen      total 532480K, used 96K [0x00000007d6f00000, 0x00000007fee80000, 0x0000000800000000)
  eden space 419328K, 0% used [0x00000007d6f00000,0x00000007d6f00000,0x00000007f0880000)
  from space 113152K, 0% used [0x00000007f8000000,0x00000007f8018000,0x00000007fee80000)
  to   space 117760K, 0% used [0x00000007f0880000,0x00000007f0880000,0x00000007f7b80000)
 ParOldGen       total 595968K, used 75003K [0x0000000784e00000, 0x00000007a9400000, 0x00000007d6f00000)
  object space 595968K, 12% used [0x0000000784e00000,0x000000078973ed98,0x00000007a9400000)
 PSPermGen       total 83968K, used 83967K [0x000000077fc00000, 0x0000000784e00000, 0x0000000784e00000)
  object space 83968K, 99% used [0x000000077fc00000,0x0000000784dfffe0,0x0000000784e00000)
Event: 1801.919 GC heap after
Heap after GC invocations=44 (full 10):
 PSYoungGen      total 532480K, used 0K [0x00000007d6f00000, 0x00000007fee80000, 0x0000000800000000)
  eden space 419328K, 0% used [0x00000007d6f00000,0x00000007d6f00000,0x00000007f0880000)
  from space 113152K, 0% used [0x00000007f8000000,0x00000007f8000000,0x00000007fee80000)
  to   space 117760K, 0% used [0x00000007f0880000,0x00000007f0880000,0x00000007f7b80000)
 ParOldGen       total 718336K, used 74573K [0x0000000784e00000, 0x00000007b0b80000, 0x00000007d6f00000)
  object space 718336K, 10% used [0x0000000784e00000,0x00000007896d3408,0x00000007b0b80000)
 PSPermGen       total 83968K, used 83941K [0x000000077fc00000, 0x0000000784e00000, 0x0000000784e00000)
  object space 83968K, 99% used [0x000000077fc00000,0x0000000784df9468,0x0000000784e00000)
}
Event: 1801.920 GC heap before
{Heap before GC invocations=45 (full 10):
 PSYoungGen      total 532480K, used 797K [0x00000007d6f00000, 0x00000007fee80000, 0x0000000800000000)
  eden space 419328K, 0% used [0x00000007d6f00000,0x00000007d6fc7400,0x00000007f0880000)
  from space 113152K, 0% used [0x00000007f8000000,0x00000007f8000000,0x00000007fee80000)
  to   space 117760K, 0% used [0x00000007f0880000,0x00000007f0880000,0x00000007f7b80000)
 ParOldGen       total 718336K, used 74573K [0x0000000784e00000, 0x00000007b0b80000, 0x00000007d6f00000)
  object space 718336K, 10% used [0x0000000784e00000,0x00000007896d3408,0x00000007b0b80000)
 PSPermGen       total 83968K, used 83967K [0x000000077fc00000, 0x0000000784e00000, 0x0000000784e00000)
  object space 83968K, 99% used [0x000000077fc00000,0x0000000784dfffc8,0x0000000784e00000)
Event: 1801.924 GC heap after
Heap after GC invocations=45 (full 10):
 PSYoungGen      total 419840K, used 0K [0x00000007d6f00000, 0x00000007fe900000, 0x0000000800000000)
  eden space 419328K, 0% used [0x00000007d6f00000,0x00000007d6f00000,0x00000007f0880000)
  from space 512K, 0% used [0x00000007f0880000,0x00000007f0880000,0x00000007f0900000)
  to   space 113152K, 0% used [0x00000007f7a80000,0x00000007f7a80000,0x00000007fe900000)
 ParOldGen       total 718336K, used 74573K [0x0000000784e00000, 0x00000007b0b80000, 0x00000007d6f00000)
  object space 718336K, 10% used [0x0000000784e00000,0x00000007896d3408,0x00000007b0b80000)
 PSPermGen       total 83968K, used 83967K [0x000000077fc00000, 0x0000000784e00000, 0x0000000784e00000)
  object space 83968K, 99% used [0x000000077fc00000,0x0000000784dfffc8,0x0000000784e00000)
}
Event: 1801.924 GC heap before
{Heap before GC invocations=46 (full 11):
 PSYoungGen      total 419840K, used 0K [0x00000007d6f00000, 0x00000007fe900000, 0x0000000800000000)
  eden space 419328K, 0% used [0x00000007d6f00000,0x00000007d6f00000,0x00000007f0880000)
  from space 512K, 0% used [0x00000007f0880000,0x00000007f0880000,0x00000007f0900000)
  to   space 113152K, 0% used [0x00000007f7a80000,0x00000007f7a80000,0x00000007fe900000)
 ParOldGen       total 718336K, used 74573K [0x0000000784e00000, 0x00000007b0b80000, 0x00000007d6f00000)
  object space 718336K, 10% used [0x0000000784e00000,0x00000007896d3408,0x00000007b0b80000)
 PSPermGen       total 83968K, used 83967K [0x000000077fc00000, 0x0000000784e00000, 0x0000000784e00000)
  object space 83968K, 99% used [0x000000077fc00000,0x0000000784dfffc8,0x0000000784e00000)
Event: 1802.086 GC heap after
Heap after GC invocations=46 (full 11):
 PSYoungGen      total 419840K, used 0K [0x00000007d6f00000, 0x00000007fe900000, 0x0000000800000000)
  eden space 419328K, 0% used [0x00000007d6f00000,0x00000007d6f00000,0x00000007f0880000)
  from space 512K, 0% used [0x00000007f0880000,0x00000007f0880000,0x00000007f0900000)
  to   space 113152K, 0% used [0x00000007f7a80000,0x00000007f7a80000,0x00000007fe900000)
 ParOldGen       total 853504K, used 74572K [0x0000000784e00000, 0x00000007b8f80000, 0x00000007d6f00000)
  object space 853504K, 8% used [0x0000000784e00000,0x00000007896d33b0,0x00000007b8f80000)
 PSPermGen       total 83968K, used 83967K [0x000000077fc00000, 0x0000000784e00000, 0x0000000784e00000)
  object space 83968K, 99% used [0x000000077fc00000,0x0000000784dfff68,0x0000000784e00000)
}
Event: 1802.086 GC heap before
{Heap before GC invocations=47 (full 11):
 PSYoungGen      total 419840K, used 0K [0x00000007d6f00000, 0x00000007fe900000, 0x0000000800000000)
  eden space 419328K, 0% used [0x00000007d6f00000,0x00000007d6f00000,0x00000007f0880000)
  from space 512K, 0% used [0x00000007f0880000,0x00000007f0880000,0x00000007f0900000)
  to   space 113152K, 0% used [0x00000007f7a80000,0x00000007f7a80000,0x00000007fe900000)
 ParOldGen       total 853504K, used 74572K [0x0000000784e00000, 0x00000007b8f80000, 0x00000007d6f00000)
  object space 853504K, 8% used [0x0000000784e00000,0x00000007896d33b0,0x00000007b8f80000)
 PSPermGen       total 83968K, used 83967K [0x000000077fc00000, 0x0000000784e00000, 0x0000000784e00000)
  object space 83968K, 99% used [0x000000077fc00000,0x0000000784dfff68,0x0000000784e00000)
Event: 1802.090 GC heap after
Heap after GC invocations=47 (full 11):
 PSYoungGen      total 525824K, used 0K [0x00000007d6f00000, 0x00000007fdf80000, 0x0000000800000000)
  eden space 422400K, 0% used [0x00000007d6f00000,0x00000007d6f00000,0x00000007f0b80000)
  from space 103424K, 0% used [0x00000007f7a80000,0x00000007f7a80000,0x00000007fdf80000)
  to   space 108544K, 0% used [0x00000007f0b80000,0x00000007f0b80000,0x00000007f7580000)
 ParOldGen       total 853504K, used 74572K [0x0000000784e00000, 0x00000007b8f80000, 0x00000007d6f00000)
  object space 853504K, 8% used [0x0000000784e00000,0x00000007896d33b0,0x00000007b8f80000)
 PSPermGen       total 83968K, used 83967K [0x000000077fc00000, 0x0000000784e00000, 0x0000000784e00000)
  object space 83968K, 99% used [0x000000077fc00000,0x0000000784dfff68,0x0000000784e00000)
}
Event: 1802.090 GC heap before
{Heap before GC invocations=48 (full 12):
 PSYoungGen      total 525824K, used 0K [0x00000007d6f00000, 0x00000007fdf80000, 0x0000000800000000)
  eden space 422400K, 0% used [0x00000007d6f00000,0x00000007d6f00000,0x00000007f0b80000)
  from space 103424K, 0% used [0x00000007f7a80000,0x00000007f7a80000,0x00000007fdf80000)
  to   space 108544K, 0% used [0x00000007f0b80000,0x00000007f0b80000,0x00000007f7580000)
 ParOldGen       total 853504K, used 74572K [0x0000000784e00000, 0x00000007b8f80000, 0x00000007d6f00000)
  object space 853504K, 8% used [0x0000000784e00000,0x00000007896d33b0,0x00000007b8f80000)
 PSPermGen       total 83968K, used 83967K [0x000000077fc00000, 0x0000000784e00000, 0x0000000784e00000)
  object space 83968K, 99% used [0x000000077fc00000,0x0000000784dfff68,0x0000000784e00000)
Event: 1802.289 GC heap after
Heap after GC invocations=48 (full 12):
 PSYoungGen      total 525824K, used 0K [0x00000007d6f00000, 0x00000007fdf80000, 0x0000000800000000)
  eden space 422400K, 0% used [0x00000007d6f00000,0x00000007d6f00000,0x00000007f0b80000)
  from space 103424K, 0% used [0x00000007f7a80000,0x00000007f7a80000,0x00000007fdf80000)
  to   space 108544K, 0% used [0x00000007f0b80000,0x00000007f0b80000,0x00000007f7580000)
 ParOldGen       total 1017344K, used 74572K [0x0000000784e00000, 0x00000007c2f80000, 0x00000007d6f00000)
  object space 1017344K, 7% used [0x0000000784e00000,0x00000007896d33b0,0x00000007c2f80000)
 PSPermGen       total 83968K, used 83967K [0x000000077fc00000, 0x0000000784e00000, 0x0000000784e00000)
  object space 83968K, 99% used [0x000000077fc00000,0x0000000784dfff68,0x0000000784e00000)
}

